<?xml version="1.0" encoding="UTF-8"?>
<!-- Generated by org.testng.reporters.JUnitXMLReporter -->
<testsuite hostname="DESKTOP-HT38EU9" name="Default test" tests="8" failures="0" timestamp="17 Feb 2020 09:50:18 GMT" time="44.305" errors="0">
  <testcase name="ContactUsLinkAvailable" time="3.5" classname="TestCases.ChairTestCases"/>
  <testcase name="addingTheQuantityOfChair" time="1.139" classname="TestCases.ChairTestCases"/>
  <testcase name="addtocartwithSignIn" time="0.801" classname="TestCases.ChairTestCases"/>
  <testcase name="addtocartwithoutSignIn" time="0.803" classname="TestCases.ChairTestCases"/>
  <testcase name="informationofalltheAvailableProducts" time="0.846" classname="TestCases.ChairTestCases"/>
  <testcase name="lowestPriceProduct" time="0.729" classname="TestCases.ChairTestCases"/>
  <testcase name="totalChairsAvailable" time="0.28" classname="TestCases.ChairTestCases"/>
  <testcase name="viewDetailsofParticularChair" time="0.642" classname="TestCases.ChairTestCases"/>
</testsuite> <!-- Default test -->
