<?xml version="1.0" encoding="UTF-8"?>
<!-- Generated by org.testng.reporters.JUnitXMLReporter -->
<testsuite hostname="DESKTOP-HT38EU9" name="Eagercrow App Test Cases" tests="8" failures="0" timestamp="17 Feb 2020 09:55:02 GMT" time="36.022" errors="0">
  <testcase name="ContactUsLinkAvailable" time="2.62" classname="TestCases.ChairTestCases"/>
  <testcase name="addingTheQuantityOfChair" time="1.128" classname="TestCases.ChairTestCases"/>
  <testcase name="addtocartwithSignIn" time="0.688" classname="TestCases.ChairTestCases"/>
  <testcase name="addtocartwithoutSignIn" time="0.864" classname="TestCases.ChairTestCases"/>
  <testcase name="informationofalltheAvailableProducts" time="0.578" classname="TestCases.ChairTestCases"/>
  <testcase name="lowestPriceProduct" time="0.772" classname="TestCases.ChairTestCases"/>
  <testcase name="totalChairsAvailable" time="0.382" classname="TestCases.ChairTestCases"/>
  <testcase name="viewDetailsofParticularChair" time="0.609" classname="TestCases.ChairTestCases"/>
</testsuite> <!-- Eagercrow App Test Cases -->
